Requirement already satisfied: absl-py==2.2.2 in ./venv/lib/python3.10/site-packages (from -r requirements.txt (line 1)) (2.2.2)
Requirement already satisfied: Box2D==2.3.10 in ./venv/lib/python3.10/site-packages (from -r requirements.txt (line 2)) (2.3.10)
Requirement already satisfied: cloudpickle==3.1.1 in ./venv/lib/python3.10/site-packages (from -r requirements.txt (line 3)) (3.1.1)
Requirement already satisfied: filelock==3.18.0 in ./venv/lib/python3.10/site-packages (from -r requirements.txt (line 4)) (3.18.0)
Requirement already satisfied: fsspec==2025.3.2 in ./venv/lib/python3.10/site-packages (from -r requirements.txt (line 5)) (2025.3.2)
Requirement already satisfied: grpcio==1.71.0 in ./venv/lib/python3.10/site-packages (from -r requirements.txt (line 6)) (1.71.0)
Requirement already satisfied: gym==0.26.2 in ./venv/lib/python3.10/site-packages (from -r requirements.txt (line 7)) (0.26.2)
Requirement already satisfied: gym-notices==0.0.8 in ./venv/lib/python3.10/site-packages (from -r requirements.txt (line 8)) (0.0.8)
Requirement already satisfied: Jinja2==3.1.6 in ./venv/lib/python3.10/site-packages (from -r requirements.txt (line 9)) (3.1.6)
Requirement already satisfied: Markdown==3.8 in ./venv/lib/python3.10/site-packages (from -r requirements.txt (line 10)) (3.8)
Requirement already satisfied: MarkupSafe==3.0.2 in ./venv/lib/python3.10/site-packages (from -r requirements.txt (line 11)) (3.0.2)
Requirement already satisfied: mpmath==1.3.0 in ./venv/lib/python3.10/site-packages (from -r requirements.txt (line 12)) (1.3.0)
Requirement already satisfied: networkx==3.4.2 in ./venv/lib/python3.10/site-packages (from -r requirements.txt (line 13)) (3.4.2)
Requirement already satisfied: numpy==1.23.5 in ./venv/lib/python3.10/site-packages (from -r requirements.txt (line 14)) (1.23.5)
Requirement already satisfied: packaging==24.2 in ./venv/lib/python3.10/site-packages (from -r requirements.txt (line 15)) (24.2)
Requirement already satisfied: protobuf==6.30.2 in ./venv/lib/python3.10/site-packages (from -r requirements.txt (line 16)) (6.30.2)
Requirement already satisfied: pygame==2.6.1 in ./venv/lib/python3.10/site-packages (from -r requirements.txt (line 17)) (2.6.1)
Requirement already satisfied: six==1.17.0 in ./venv/lib/python3.10/site-packages (from -r requirements.txt (line 18)) (1.17.0)
Requirement already satisfied: sympy==1.13.1 in ./venv/lib/python3.10/site-packages (from -r requirements.txt (line 19)) (1.13.1)
Requirement already satisfied: tensorboard==2.19.0 in ./venv/lib/python3.10/site-packages (from -r requirements.txt (line 20)) (2.19.0)
Requirement already satisfied: tensorboard-data-server==0.7.2 in ./venv/lib/python3.10/site-packages (from -r requirements.txt (line 21)) (0.7.2)
Requirement already satisfied: torch==2.6.0 in ./venv/lib/python3.10/site-packages (from -r requirements.txt (line 22)) (2.6.0)
Requirement already satisfied: typing_extensions==4.13.2 in ./venv/lib/python3.10/site-packages (from -r requirements.txt (line 23)) (4.13.2)
Requirement already satisfied: Werkzeug==3.1.3 in ./venv/lib/python3.10/site-packages (from -r requirements.txt (line 24)) (3.1.3)
Requirement already satisfied: setuptools>=41.0.0 in ./venv/lib/python3.10/site-packages (from tensorboard==2.19.0->-r requirements.txt (line 20)) (65.5.0)
Requirement already satisfied: nvidia-cuda-nvrtc-cu12==12.4.127 in ./venv/lib/python3.10/site-packages (from torch==2.6.0->-r requirements.txt (line 22)) (12.4.127)
Requirement already satisfied: nvidia-cuda-runtime-cu12==12.4.127 in ./venv/lib/python3.10/site-packages (from torch==2.6.0->-r requirements.txt (line 22)) (12.4.127)
Requirement already satisfied: nvidia-cuda-cupti-cu12==12.4.127 in ./venv/lib/python3.10/site-packages (from torch==2.6.0->-r requirements.txt (line 22)) (12.4.127)
Requirement already satisfied: nvidia-cudnn-cu12==9.1.0.70 in ./venv/lib/python3.10/site-packages (from torch==2.6.0->-r requirements.txt (line 22)) (9.1.0.70)
Requirement already satisfied: nvidia-cublas-cu12==12.4.5.8 in ./venv/lib/python3.10/site-packages (from torch==2.6.0->-r requirements.txt (line 22)) (12.4.5.8)
Requirement already satisfied: nvidia-cufft-cu12==11.2.1.3 in ./venv/lib/python3.10/site-packages (from torch==2.6.0->-r requirements.txt (line 22)) (11.2.1.3)
Requirement already satisfied: nvidia-curand-cu12==10.3.5.147 in ./venv/lib/python3.10/site-packages (from torch==2.6.0->-r requirements.txt (line 22)) (10.3.5.147)
Requirement already satisfied: nvidia-cusolver-cu12==11.6.1.9 in ./venv/lib/python3.10/site-packages (from torch==2.6.0->-r requirements.txt (line 22)) (11.6.1.9)
Requirement already satisfied: nvidia-cusparse-cu12==12.3.1.170 in ./venv/lib/python3.10/site-packages (from torch==2.6.0->-r requirements.txt (line 22)) (12.3.1.170)
Requirement already satisfied: nvidia-cusparselt-cu12==0.6.2 in ./venv/lib/python3.10/site-packages (from torch==2.6.0->-r requirements.txt (line 22)) (0.6.2)
Requirement already satisfied: nvidia-nccl-cu12==2.21.5 in ./venv/lib/python3.10/site-packages (from torch==2.6.0->-r requirements.txt (line 22)) (2.21.5)
Requirement already satisfied: nvidia-nvtx-cu12==12.4.127 in ./venv/lib/python3.10/site-packages (from torch==2.6.0->-r requirements.txt (line 22)) (12.4.127)
Requirement already satisfied: nvidia-nvjitlink-cu12==12.4.127 in ./venv/lib/python3.10/site-packages (from torch==2.6.0->-r requirements.txt (line 22)) (12.4.127)
Requirement already satisfied: triton==3.2.0 in ./venv/lib/python3.10/site-packages (from torch==2.6.0->-r requirements.txt (line 22)) (3.2.0)
##### total number of network params = 69124
log directory = /home/sbpena/DRL_Assignment/logs
target network updated.
episode: 0, env_step_num = 77, score = -84.58636106005734
episode: 1, env_step_num = 201, score = -172.04759824232798
episode: 2, env_step_num = 284, score = -119.51294723273841
episode: 3, env_step_num = 389, score = -518.1798424250753
episode: 4, env_step_num = 460, score = -124.62383940675356
episode: 5, env_step_num = 522, score = -96.59421973293911
episode: 6, env_step_num = 616, score = -346.5028498219185
episode: 7, env_step_num = 719, score = -78.87898127035531
episode: 8, env_step_num = 812, score = -335.10363891559865
episode: 9, env_step_num = 899, score = -423.6442811889478
episode: 10, env_step_num = 984, score = -359.27294478488045
episode: 11, env_step_num = 1104, score = -213.37304459476525
episode: 12, env_step_num = 1173, score = -80.25167645888106
episode: 13, env_step_num = 1341, score = -232.11761972806804
episode: 14, env_step_num = 1428, score = -149.32444638238672
episode: 15, env_step_num = 1541, score = -323.48642889394233
episode: 16, env_step_num = 1611, score = -110.34200278240145
episode: 17, env_step_num = 1693, score = -96.18057056883096
episode: 18, env_step_num = 1754, score = -90.68137865529943
episode: 19, env_step_num = 1835, score = -224.62487706078042
episode: 20, env_step_num = 1901, score = -92.66420021326932
episode: 21, env_step_num = 1997, score = -176.29330779904885
episode: 22, env_step_num = 2069, score = -120.69151882644522
episode: 23, env_step_num = 2162, score = -426.7793370680937
episode: 24, env_step_num = 2278, score = -107.34990927133597
episode: 25, env_step_num = 2353, score = -120.57307608477586
episode: 26, env_step_num = 2448, score = -398.9869261780176
episode: 27, env_step_num = 2518, score = -101.6789717739224
episode: 28, env_step_num = 2591, score = -136.64642798100294
episode: 29, env_step_num = 2653, score = -123.81776701439172
episode: 30, env_step_num = 2731, score = -357.35194604255423
episode: 31, env_step_num = 2828, score = -100.50432342935858
episode: 32, env_step_num = 2956, score = -178.1891181678231
episode: 33, env_step_num = 3057, score = -359.2883142180931
episode: 34, env_step_num = 3171, score = -141.44142048178355
episode: 35, env_step_num = 3265, score = -132.4322964623641
episode: 36, env_step_num = 3341, score = -115.29241108227009
episode: 37, env_step_num = 3452, score = -141.12003849351106
episode: 38, env_step_num = 3553, score = -293.34683543624794
episode: 39, env_step_num = 3640, score = -97.56839795917274
episode: 40, env_step_num = 3711, score = -103.48084514415358
episode: 41, env_step_num = 3804, score = 35.679929148778456
episode: 42, env_step_num = 3878, score = -218.34124024017925
episode: 43, env_step_num = 3964, score = -52.385257242964556
episode: 44, env_step_num = 4064, score = -129.661845703663
episode: 45, env_step_num = 4180, score = -326.6797607166864
episode: 46, env_step_num = 4242, score = -126.402473789862
episode: 47, env_step_num = 4348, score = -90.06754299293283
episode: 48, env_step_num = 4430, score = -82.51001639556179
episode: 49, env_step_num = 4529, score = -135.1534347191208
episode: 50, env_step_num = 4651, score = -148.60214647008576
episode: 51, env_step_num = 4714, score = -78.3611253778425
episode: 52, env_step_num = 4787, score = -84.99061132503837
episode: 53, env_step_num = 4877, score = -96.55053210569002
episode: 54, env_step_num = 5013, score = -338.03778351699805
episode: 55, env_step_num = 5102, score = -315.17227039224076
episode: 56, env_step_num = 5216, score = -80.37386449868401
episode: 57, env_step_num = 5298, score = -299.49288083167016
episode: 58, env_step_num = 5378, score = -192.4602003006992
episode: 59, env_step_num = 5474, score = -294.37175693327083
episode: 60, env_step_num = 5549, score = -250.67338364731938
episode: 61, env_step_num = 5667, score = -264.7260929979004
episode: 62, env_step_num = 5738, score = -65.77568899046764
episode: 63, env_step_num = 5807, score = -59.43782078301504
episode: 64, env_step_num = 5899, score = -430.5334975055528
episode: 65, env_step_num = 6026, score = -200.26177306744336
episode: 66, env_step_num = 6131, score = -360.74279449896665
episode: 67, env_step_num = 6195, score = -203.06847598620993
episode: 68, env_step_num = 6282, score = -107.28144945785807
episode: 69, env_step_num = 6351, score = -34.66246697180625
episode: 70, env_step_num = 6415, score = -74.9816840981397
episode: 71, env_step_num = 6519, score = -360.5951236034245
episode: 72, env_step_num = 6611, score = -127.6942018803465
episode: 73, env_step_num = 6722, score = -262.8154455926818
episode: 74, env_step_num = 6807, score = -257.40508896722986
episode: 75, env_step_num = 6868, score = -67.4163415594239
episode: 76, env_step_num = 6961, score = -422.10909706539695
episode: 77, env_step_num = 7090, score = -19.645339741357787
episode: 78, env_step_num = 7164, score = -285.9499289062346
episode: 79, env_step_num = 7255, score = -97.1416130196341
episode: 80, env_step_num = 7332, score = -308.40857348774625
episode: 81, env_step_num = 7435, score = -294.6198932768251
episode: 82, env_step_num = 7547, score = -258.3552273300438
episode: 83, env_step_num = 7638, score = -154.32168001341398
episode: 84, env_step_num = 7715, score = -97.99051125778631
episode: 85, env_step_num = 7811, score = -415.39447058020136
episode: 86, env_step_num = 7968, score = -416.6799894553784
episode: 87, env_step_num = 8081, score = -123.72861088881822
episode: 88, env_step_num = 8168, score = -130.9790650538839
episode: 89, env_step_num = 8257, score = -172.91696365485717
episode: 90, env_step_num = 8337, score = -163.62645423625605
episode: 91, env_step_num = 8435, score = -171.84830929185262
episode: 92, env_step_num = 8517, score = -281.0472099589658
episode: 93, env_step_num = 8587, score = -99.43223235014327
episode: 94, env_step_num = 8688, score = -112.78598206839291
episode: 95, env_step_num = 8749, score = -73.22218956532393
episode: 96, env_step_num = 8849, score = -121.49485168492693
episode: 97, env_step_num = 8950, score = -177.48732110046785
episode: 98, env_step_num = 9044, score = -362.00256427860364
episode: 99, env_step_num = 9127, score = -156.34833915863288
episode: 100, env_step_num = 9190, score = -77.666179289355
episode: 101, env_step_num = 9284, score = -493.61868579383946
episode: 102, env_step_num = 9394, score = -126.01833624975283
episode: 103, env_step_num = 9497, score = -118.43909302223264
episode: 104, env_step_num = 9604, score = -90.99900032799592
episode: 105, env_step_num = 9729, score = -536.8637363283767
episode: 106, env_step_num = 9841, score = -477.0709367785978
episode: 107, env_step_num = 9942, score = -147.6608494935834
episode: 108, env_step_num = 10009, score = -119.34022659597056
episode: 109, env_step_num = 10115, score = -263.29634025182855
episode: 110, env_step_num = 10234, score = -63.6623763404948
episode: 111, env_step_num = 10318, score = -203.28389746943742
episode: 112, env_step_num = 10426, score = -233.03247220852077
episode: 113, env_step_num = 10522, score = -333.9752314738376
episode: 114, env_step_num = 10651, score = -29.712003419450255
episode: 115, env_step_num = 10737, score = -456.03109652015866
episode: 116, env_step_num = 10832, score = -360.66698805343617
episode: 117, env_step_num = 10927, score = -405.9488513301578
episode: 118, env_step_num = 11045, score = -86.75751923982796
episode: 119, env_step_num = 11121, score = -97.46076198918715
episode: 120, env_step_num = 11189, score = -57.049711751700826
episode: 121, env_step_num = 11295, score = -383.1223508672378
episode: 122, env_step_num = 11411, score = -319.9830506775071
episode: 123, env_step_num = 11482, score = -151.57049681374218
episode: 124, env_step_num = 11590, score = -227.80989409037622
episode: 125, env_step_num = 11683, score = -88.7840273884296
episode: 126, env_step_num = 11746, score = -155.05817119349052
episode: 127, env_step_num = 11802, score = -95.19591168957137
episode: 128, env_step_num = 11908, score = -100.29128854086699
episode: 129, env_step_num = 12032, score = -55.919711572137984
episode: 130, env_step_num = 12143, score = -358.7176067131079
episode: 131, env_step_num = 12204, score = -164.43271060488604
episode: 132, env_step_num = 12322, score = -254.2623197921418
episode: 133, env_step_num = 12414, score = -392.88672588873146
episode: 134, env_step_num = 12501, score = -337.8330918803934
episode: 135, env_step_num = 12592, score = -131.79712767217168
episode: 136, env_step_num = 12696, score = -501.09505535146565
episode: 137, env_step_num = 12779, score = -255.80884744416076
episode: 138, env_step_num = 12854, score = -96.86466838061763
episode: 139, env_step_num = 12940, score = -71.94859723345554
episode: 140, env_step_num = 13052, score = -366.3170619074005
episode: 141, env_step_num = 13166, score = -189.76516403506966
episode: 142, env_step_num = 13250, score = -132.78911310528127
episode: 143, env_step_num = 13368, score = -153.63328579036664
episode: 144, env_step_num = 13479, score = -105.94839989815927
episode: 145, env_step_num = 13569, score = -110.74237040048453
episode: 146, env_step_num = 13703, score = -338.6453184350448
episode: 147, env_step_num = 13796, score = -256.14162434957314
episode: 148, env_step_num = 13898, score = -107.37116325318823
episode: 149, env_step_num = 13960, score = -138.76388193098626
episode: 150, env_step_num = 14024, score = -116.51021044483184
episode: 151, env_step_num = 14101, score = -88.48358929733234
episode: 152, env_step_num = 14162, score = -116.22878451249075
episode: 153, env_step_num = 14278, score = -292.28496396360333
episode: 154, env_step_num = 14345, score = -98.30553162593546
episode: 155, env_step_num = 14457, score = -354.39247864781737
episode: 156, env_step_num = 14593, score = -374.2315234918122
episode: 157, env_step_num = 14683, score = -104.75606654500618
episode: 158, env_step_num = 14760, score = -100.06701521279186
episode: 159, env_step_num = 14886, score = -79.96357032242122
episode: 160, env_step_num = 14969, score = -371.94334840651743
episode: 161, env_step_num = 15046, score = -85.13922687865917
episode: 162, env_step_num = 15128, score = -296.8103103165449
episode: 163, env_step_num = 15227, score = -432.92437397632716
episode: 164, env_step_num = 15318, score = -257.77566138572416
episode: 165, env_step_num = 15401, score = -218.68973290028651
episode: 166, env_step_num = 15470, score = -40.80026526476823
episode: 167, env_step_num = 15525, score = -78.19638558336845
episode: 168, env_step_num = 15590, score = -149.90774318903524
episode: 169, env_step_num = 15656, score = -108.50299011726625
episode: 170, env_step_num = 15758, score = -272.50169262869633
episode: 171, env_step_num = 15854, score = -68.41350389882432
episode: 172, env_step_num = 15983, score = -152.88849591373497
episode: 173, env_step_num = 16063, score = -151.56656174883517
episode: 174, env_step_num = 16142, score = -91.4938122543286
episode: 175, env_step_num = 16229, score = -73.66237656206353
episode: 176, env_step_num = 16300, score = -162.65104497875313
episode: 177, env_step_num = 16379, score = -148.17232931698953
episode: 178, env_step_num = 16450, score = -109.0480565424419
episode: 179, env_step_num = 16547, score = -161.25294103127754
episode: 180, env_step_num = 16667, score = -139.3539325049233
episode: 181, env_step_num = 16750, score = -187.55497612431452
episode: 182, env_step_num = 16816, score = -95.23139260396121
episode: 183, env_step_num = 16924, score = -314.3190718728916
episode: 184, env_step_num = 17035, score = -87.87777228576998
episode: 185, env_step_num = 17140, score = -154.9221616648373
episode: 186, env_step_num = 17279, score = -375.4741834096776
episode: 187, env_step_num = 17354, score = -105.45883143498308
episode: 188, env_step_num = 17466, score = -135.3928689452185
episode: 189, env_step_num = 17537, score = -61.85444358456849
episode: 190, env_step_num = 17627, score = -104.82616602027767
episode: 191, env_step_num = 17700, score = -297.81266010654844
episode: 192, env_step_num = 17773, score = -107.7166686924738
episode: 193, env_step_num = 17862, score = -158.68211802858815
episode: 194, env_step_num = 17975, score = -403.36391877587596
episode: 195, env_step_num = 18040, score = -146.20502438030505
episode: 196, env_step_num = 18116, score = -80.44234041434855
episode: 197, env_step_num = 18189, score = -141.7848850336248
episode: 198, env_step_num = 18270, score = -211.10181726744258
episode: 199, env_step_num = 18394, score = -331.9022082420104
target network updated.
episode: 200, env_step_num = 18517, score = -517.7285234660487
episode: 201, env_step_num = 18596, score = -127.12730176289307
episode: 202, env_step_num = 18685, score = -106.81154485926545
episode: 203, env_step_num = 18802, score = -280.09683580721776
episode: 204, env_step_num = 18871, score = -157.84225854294033
episode: 205, env_step_num = 18968, score = -102.1359354667292
episode: 206, env_step_num = 19065, score = -169.30090921341815
episode: 207, env_step_num = 19183, score = -275.23972133509807
episode: 208, env_step_num = 19245, score = -114.46738111342707
episode: 209, env_step_num = 19339, score = -415.48995955336375
episode: 210, env_step_num = 19453, score = -294.32513947259565
episode: 211, env_step_num = 19558, score = -178.31903648414405
episode: 212, env_step_num = 19685, score = -109.49807733295971
episode: 213, env_step_num = 19802, score = -133.59897652687357
episode: 214, env_step_num = 19903, score = -180.47252855144805
episode: 215, env_step_num = 20045, score = -263.6094510669
episode: 216, env_step_num = 20138, score = -80.21899856761502
episode: 217, env_step_num = 20237, score = -259.518591767435
episode: 218, env_step_num = 20357, score = -134.23872660968897
episode: 219, env_step_num = 20463, score = -180.47411344313673
episode: 220, env_step_num = 20574, score = 23.90487625348041
episode: 221, env_step_num = 20688, score = -219.5384770217982
episode: 222, env_step_num = 20801, score = -269.3957861235846
episode: 223, env_step_num = 20876, score = -46.9498662858705
episode: 224, env_step_num = 20943, score = -117.67747401616465
episode: 225, env_step_num = 21010, score = -145.92883415501274
episode: 226, env_step_num = 21105, score = -136.1532086110401
episode: 227, env_step_num = 21173, score = -110.70819410592401
episode: 228, env_step_num = 21287, score = -229.71532091081352
episode: 229, env_step_num = 21380, score = -136.7120107577084
episode: 230, env_step_num = 21472, score = -314.72235198615056
episode: 231, env_step_num = 21558, score = -103.60398388051061
episode: 232, env_step_num = 21623, score = -81.07372408111388
episode: 233, env_step_num = 21714, score = -241.2289260214122
episode: 234, env_step_num = 21842, score = -120.69288625362273
episode: 235, env_step_num = 21942, score = -278.303787958994
episode: 236, env_step_num = 22026, score = -173.2272611465873
episode: 237, env_step_num = 22088, score = -83.74834533244811
episode: 238, env_step_num = 22176, score = -248.54806402405757
episode: 239, env_step_num = 22304, score = -215.9681813525432
episode: 240, env_step_num = 22406, score = -126.9115023059788
episode: 241, env_step_num = 22486, score = -80.13601701056183
episode: 242, env_step_num = 22588, score = -407.1497042615791
episode: 243, env_step_num = 22700, score = -113.45273588710761
episode: 244, env_step_num = 22778, score = -259.26940596425857
episode: 245, env_step_num = 22881, score = -146.8037512331632
episode: 246, env_step_num = 22960, score = -106.38220648626299
episode: 247, env_step_num = 23089, score = -196.97150042545354
episode: 248, env_step_num = 23199, score = -36.0057560399721
episode: 249, env_step_num = 23264, score = -84.01836112011108
episode: 250, env_step_num = 23366, score = -333.8313686952597
episode: 251, env_step_num = 23498, score = -85.59489955735333
episode: 252, env_step_num = 23592, score = -96.18354671115515
episode: 253, env_step_num = 23691, score = -157.35048480798218
episode: 254, env_step_num = 23812, score = -139.29156313443647
episode: 255, env_step_num = 23881, score = -132.9038075657267
episode: 256, env_step_num = 23963, score = -233.33373025087099
episode: 257, env_step_num = 24029, score = -93.40516952197356
episode: 258, env_step_num = 24098, score = -219.10402915242125
episode: 259, env_step_num = 24178, score = -96.63265189715504
episode: 260, env_step_num = 24257, score = -317.617178298652
episode: 261, env_step_num = 24332, score = -150.38144791243903
episode: 262, env_step_num = 24406, score = -359.58170716438525
episode: 263, env_step_num = 24478, score = -196.64738863148233
episode: 264, env_step_num = 24573, score = -97.92167366234388
episode: 265, env_step_num = 24638, score = -33.09558741474039
episode: 266, env_step_num = 24720, score = -233.17403535086817
episode: 267, env_step_num = 24845, score = 18.168981882872302
episode: 268, env_step_num = 24925, score = -205.44203503245683
episode: 269, env_step_num = 25048, score = -325.19657272191387
episode: 270, env_step_num = 25141, score = -121.94051896366697
episode: 271, env_step_num = 25262, score = -314.03274219770196
episode: 272, env_step_num = 25354, score = -468.8892788593093
episode: 273, env_step_num = 25428, score = -110.24122605004052
episode: 274, env_step_num = 25533, score = -178.6947103340261
episode: 275, env_step_num = 25630, score = -363.3226630835701
episode: 276, env_step_num = 25714, score = 19.625482311306456
episode: 277, env_step_num = 25831, score = -289.32984295639744
episode: 278, env_step_num = 25899, score = -89.49948733202703
episode: 279, env_step_num = 26005, score = -73.603925436768
episode: 280, env_step_num = 26071, score = -101.24425370782598
episode: 281, env_step_num = 26176, score = -150.46634126017497
episode: 282, env_step_num = 26260, score = -190.4150526855114
episode: 283, env_step_num = 26330, score = -137.45431396118067
episode: 284, env_step_num = 26408, score = -107.3034462291073
episode: 285, env_step_num = 26477, score = -178.3183970546752
episode: 286, env_step_num = 26537, score = -74.78284902047076
episode: 287, env_step_num = 26611, score = -222.9779373564301
episode: 288, env_step_num = 26677, score = -233.1556793589065
episode: 289, env_step_num = 26746, score = -131.3103146805065
episode: 290, env_step_num = 26836, score = -203.55527536331243
episode: 291, env_step_num = 26942, score = -125.23484191322608
episode: 292, env_step_num = 27060, score = -105.78920255285155
episode: 293, env_step_num = 27163, score = -397.19493959331413
episode: 294, env_step_num = 27260, score = -108.46278511350697
episode: 295, env_step_num = 27368, score = -167.29209885448898
episode: 296, env_step_num = 27469, score = -107.07137849073331
episode: 297, env_step_num = 27550, score = -292.56213042429397
episode: 298, env_step_num = 27658, score = -94.45398667036442
episode: 299, env_step_num = 27755, score = -439.6694186297039
episode: 300, env_step_num = 27845, score = -228.34148428177238
episode: 301, env_step_num = 27948, score = -79.35580689117747
episode: 302, env_step_num = 28016, score = -80.5662264120032
episode: 303, env_step_num = 28109, score = -115.29693527663075
episode: 304, env_step_num = 28205, score = -104.77254784625009
episode: 305, env_step_num = 28302, score = -373.4242790334332
episode: 306, env_step_num = 28404, score = -310.0252039836123
episode: 307, env_step_num = 28500, score = -234.88227318736674
episode: 308, env_step_num = 28581, score = -233.7240623626607
episode: 309, env_step_num = 28686, score = -165.880645628178
episode: 310, env_step_num = 28762, score = -104.60216340737948
episode: 311, env_step_num = 28888, score = -109.68837336913703
episode: 312, env_step_num = 28969, score = -128.08635777765267
episode: 313, env_step_num = 29049, score = -260.49745159951567
episode: 314, env_step_num = 29170, score = -280.84604051444364
episode: 315, env_step_num = 29245, score = -121.57626687838068
episode: 316, env_step_num = 29374, score = -399.80091460816845
episode: 317, env_step_num = 29480, score = -108.06149814582037
episode: 318, env_step_num = 29549, score = -213.99590966065838
episode: 319, env_step_num = 29652, score = -132.7310891764493
episode: 320, env_step_num = 29756, score = -405.1780170863988
episode: 321, env_step_num = 29820, score = -150.9604787458141
episode: 322, env_step_num = 29939, score = -340.4693957763758
episode: 323, env_step_num = 30019, score = -118.29522771897655
episode: 324, env_step_num = 30118, score = -89.54070803569202
episode: 325, env_step_num = 30226, score = -136.95837527297903
episode: 326, env_step_num = 30327, score = -92.67577072087423
episode: 327, env_step_num = 30451, score = -153.73599049560707
episode: 328, env_step_num = 30522, score = -191.80388326181466
episode: 329, env_step_num = 30613, score = -312.47490065735724
episode: 330, env_step_num = 30730, score = -309.5164207049753
episode: 331, env_step_num = 30804, score = -101.06559185787076
episode: 332, env_step_num = 30929, score = -131.9305670113855
episode: 333, env_step_num = 31030, score = -218.87732276381269
episode: 334, env_step_num = 31150, score = -205.92005666845134
episode: 335, env_step_num = 31273, score = -192.8550914596796
episode: 336, env_step_num = 31349, score = -257.35393434063275
episode: 337, env_step_num = 31446, score = -109.5031952374133
episode: 338, env_step_num = 31563, score = -352.24161693304546
episode: 339, env_step_num = 31649, score = -137.06860143320077
episode: 340, env_step_num = 31774, score = -164.3074367181544
episode: 341, env_step_num = 31878, score = -327.23648460502096
episode: 342, env_step_num = 31992, score = -197.01353118956325
episode: 343, env_step_num = 32106, score = -107.90075210474608
episode: 344, env_step_num = 32175, score = -178.515256921652
episode: 345, env_step_num = 32276, score = -369.7505967481603
episode: 346, env_step_num = 32380, score = -272.04693417083877
episode: 347, env_step_num = 32479, score = -308.6700531865142
episode: 348, env_step_num = 32608, score = -464.9769076739716
episode: 349, env_step_num = 32712, score = -68.84427305835828
episode: 350, env_step_num = 32777, score = -117.41755114085504
episode: 351, env_step_num = 32878, score = -136.59415019640903
episode: 352, env_step_num = 32942, score = -68.71395232745755
episode: 353, env_step_num = 33030, score = -297.3132254959537
episode: 354, env_step_num = 33095, score = -85.01724416513372
episode: 355, env_step_num = 33207, score = -206.87477265906608
episode: 356, env_step_num = 33289, score = -93.61732941393106
episode: 357, env_step_num = 33412, score = -221.8032044191662
episode: 358, env_step_num = 33505, score = -137.75396629214347
episode: 359, env_step_num = 33635, score = -113.06599791762832
episode: 360, env_step_num = 33707, score = -76.19305264799343
episode: 361, env_step_num = 33812, score = -178.2831890256562
episode: 362, env_step_num = 33928, score = -243.00822805770585
episode: 363, env_step_num = 34033, score = -317.92705822970936
episode: 364, env_step_num = 34111, score = -207.68523690673817
episode: 365, env_step_num = 34183, score = -100.25504381534043
episode: 366, env_step_num = 34261, score = -58.23881681619716
episode: 367, env_step_num = 34357, score = -76.2186105527666
episode: 368, env_step_num = 34466, score = -295.82097946091176
episode: 369, env_step_num = 34584, score = -142.47257744971225
episode: 370, env_step_num = 34676, score = -127.6188856077201
episode: 371, env_step_num = 34751, score = -116.02308503271001
episode: 372, env_step_num = 34856, score = -202.54820369357597
episode: 373, env_step_num = 34927, score = -135.47440987346172
episode: 374, env_step_num = 35020, score = -189.9365978590697
episode: 375, env_step_num = 35094, score = -186.5819437846759
episode: 376, env_step_num = 35195, score = -281.1018862418667
episode: 377, env_step_num = 35262, score = -110.00740397126077
episode: 378, env_step_num = 35367, score = -252.6445547932826
episode: 379, env_step_num = 35432, score = -66.85440636491892
episode: 380, env_step_num = 35525, score = -147.02147214773782
episode: 381, env_step_num = 35629, score = -254.913859414052
episode: 382, env_step_num = 35705, score = -298.64433304296165
episode: 383, env_step_num = 35817, score = -408.4113190740513
episode: 384, env_step_num = 35883, score = -222.027805320148
episode: 385, env_step_num = 36000, score = -268.70099286166544
episode: 386, env_step_num = 36110, score = -151.51183621298563
episode: 387, env_step_num = 36186, score = -86.19341572082914
episode: 388, env_step_num = 36251, score = -189.77370591817294
episode: 389, env_step_num = 36366, score = -145.62370851288352
episode: 390, env_step_num = 36471, score = -93.29369493657798
episode: 391, env_step_num = 36534, score = -87.73421193238667
episode: 392, env_step_num = 36630, score = -355.25002111105323
episode: 393, env_step_num = 36697, score = -104.55177078863122
episode: 394, env_step_num = 36787, score = -93.79608779596238
episode: 395, env_step_num = 36878, score = -83.20694782442331
episode: 396, env_step_num = 36988, score = -154.43400234370702
episode: 397, env_step_num = 37091, score = -89.85292174043002
episode: 398, env_step_num = 37207, score = -101.03256766119628
episode: 399, env_step_num = 37300, score = -370.2458628890894
target network updated.
episode: 400, env_step_num = 37374, score = -87.12559887713235
episode: 401, env_step_num = 37503, score = -216.8073295523373
episode: 402, env_step_num = 37644, score = -172.61137796419462
episode: 403, env_step_num = 37780, score = -163.90225624103635
episode: 404, env_step_num = 37878, score = -391.4252886256381
episode: 405, env_step_num = 37961, score = -228.8302292358806
episode: 406, env_step_num = 38093, score = -45.537491667158946
episode: 407, env_step_num = 38187, score = -319.91132282586364
episode: 408, env_step_num = 38256, score = -114.9449467645222
episode: 409, env_step_num = 38405, score = -92.75456435444003
episode: 410, env_step_num = 38491, score = -87.90678146407666
episode: 411, env_step_num = 38593, score = 7.295973468238017
episode: 412, env_step_num = 38666, score = -58.04236135407478
episode: 413, env_step_num = 38792, score = -30.41336972238564
episode: 414, env_step_num = 38925, score = -163.33499746781368
episode: 415, env_step_num = 39043, score = -290.46941222385703
episode: 416, env_step_num = 39165, score = -163.35669581781997
episode: 417, env_step_num = 39270, score = -330.3748811032001
episode: 418, env_step_num = 39400, score = -166.05513844574614
episode: 419, env_step_num = 39489, score = -398.87330492369796
episode: 420, env_step_num = 39567, score = -66.59541748150058
episode: 421, env_step_num = 39663, score = -118.85281264295523
episode: 422, env_step_num = 39723, score = -139.07541802065268
episode: 423, env_step_num = 39821, score = -123.26176942907571
episode: 424, env_step_num = 39907, score = -86.81894893143264
episode: 425, env_step_num = 39977, score = -202.6279074234929
episode: 426, env_step_num = 40111, score = -242.1732358747519
episode: 427, env_step_num = 40188, score = -69.92583238604854
episode: 428, env_step_num = 40312, score = -95.1048075047769
episode: 429, env_step_num = 40389, score = -156.0532698779727
episode: 430, env_step_num = 40474, score = -205.1778643573041
episode: 431, env_step_num = 40588, score = -284.21637101439563
episode: 432, env_step_num = 40681, score = -104.14520394730548
episode: 433, env_step_num = 40810, score = -191.738999556934
episode: 434, env_step_num = 40868, score = -114.11367375799153
episode: 435, env_step_num = 40988, score = -123.28388437435231
episode: 436, env_step_num = 41052, score = -170.97015632815288
episode: 437, env_step_num = 41126, score = -120.44357423026668
episode: 438, env_step_num = 41234, score = -134.96357816760866
episode: 439, env_step_num = 41368, score = -90.05282660493754
episode: 440, env_step_num = 41443, score = -200.9145834488644
episode: 441, env_step_num = 41534, score = -320.63813184016914
episode: 442, env_step_num = 41652, score = -119.10769076588548
episode: 443, env_step_num = 41720, score = -210.11838465696323
episode: 444, env_step_num = 41786, score = -95.14239319279784
episode: 445, env_step_num = 41890, score = -202.868521204042
episode: 446, env_step_num = 42002, score = -110.53836856168381
episode: 447, env_step_num = 42117, score = -378.5069862495927
episode: 448, env_step_num = 42232, score = -105.30519318641207
episode: 449, env_step_num = 42314, score = -137.03213411060563
episode: 450, env_step_num = 42415, score = -358.9646732797751
episode: 451, env_step_num = 42483, score = -126.48737168969988
episode: 452, env_step_num = 42587, score = -135.18209164639492
episode: 453, env_step_num = 42716, score = 9.245867578633394
episode: 454, env_step_num = 42806, score = -110.69553228206607
episode: 455, env_step_num = 42873, score = -116.39284722591378
episode: 456, env_step_num = 42936, score = -97.41062404184797
episode: 457, env_step_num = 43007, score = -49.1205322577164
episode: 458, env_step_num = 43121, score = -112.41940893077818
episode: 459, env_step_num = 43192, score = -263.68741918106275
episode: 460, env_step_num = 43273, score = -291.3914999645698
episode: 461, env_step_num = 43412, score = -103.3303960568026
episode: 462, env_step_num = 43487, score = -201.68107943884127
episode: 463, env_step_num = 43581, score = -293.14299901820687
episode: 464, env_step_num = 43641, score = -114.23484916651886
episode: 465, env_step_num = 43729, score = -133.60926597806045
episode: 466, env_step_num = 43792, score = -97.93211319140308
episode: 467, env_step_num = 43913, score = -138.26541939414932
episode: 468, env_step_num = 44001, score = -193.24898981564434
episode: 469, env_step_num = 44079, score = -265.13163888285453
episode: 470, env_step_num = 44192, score = -147.630897824928
episode: 471, env_step_num = 44283, score = -167.91715161000036
episode: 472, env_step_num = 44388, score = -66.59862473181714
episode: 473, env_step_num = 44477, score = -103.76162435490008
episode: 474, env_step_num = 44577, score = -340.71776492929206
episode: 475, env_step_num = 44687, score = -279.31273953391553
episode: 476, env_step_num = 44759, score = -113.67870748396443
episode: 477, env_step_num = 44855, score = -513.1638637812938
episode: 478, env_step_num = 44965, score = -414.04246772252316
episode: 479, env_step_num = 45031, score = -291.37859143190195
episode: 480, env_step_num = 45135, score = -113.61139235014302
episode: 481, env_step_num = 45211, score = -94.2365175466674
episode: 482, env_step_num = 45303, score = -198.0132455760313
episode: 483, env_step_num = 45412, score = -392.1832962282072
episode: 484, env_step_num = 45546, score = -22.541142991541506
episode: 485, env_step_num = 45626, score = -70.75026611591503
episode: 486, env_step_num = 45752, score = -389.41244009933735
episode: 487, env_step_num = 45857, score = -146.37362527170586
episode: 488, env_step_num = 45930, score = -44.333194587525746
episode: 489, env_step_num = 46036, score = -225.0559773396184
episode: 490, env_step_num = 46109, score = -103.32756228046846
episode: 491, env_step_num = 46197, score = -137.91303797351907
episode: 492, env_step_num = 46318, score = -287.181010754839
episode: 493, env_step_num = 46405, score = -319.47641364257186
episode: 494, env_step_num = 46545, score = -111.90223424492775
episode: 495, env_step_num = 46619, score = -140.36614547213017
episode: 496, env_step_num = 46698, score = -85.42528720012909
episode: 497, env_step_num = 46780, score = -21.375860276079024
episode: 498, env_step_num = 46914, score = -277.99744437130346
episode: 499, env_step_num = 47010, score = -210.56225130324736
episode: 500, env_step_num = 47108, score = -145.1307913428693
episode: 501, env_step_num = 47244, score = -243.70943988823836
episode: 502, env_step_num = 47337, score = -358.7522619787561
episode: 503, env_step_num = 47423, score = -79.0440586723923
episode: 504, env_step_num = 47508, score = -64.6745769253093
episode: 505, env_step_num = 47588, score = -357.61143640673134
episode: 506, env_step_num = 47668, score = -131.72321686051137
episode: 507, env_step_num = 47761, score = -305.88932381802283
episode: 508, env_step_num = 47871, score = -62.59237336003114
episode: 509, env_step_num = 47991, score = -172.6258808710889
episode: 510, env_step_num = 48056, score = -76.21745749739162
episode: 511, env_step_num = 48160, score = -294.4422724051682
episode: 512, env_step_num = 48228, score = -86.39155588251505
episode: 513, env_step_num = 48303, score = -175.90805439366085
episode: 514, env_step_num = 48398, score = -286.53394619508083
episode: 515, env_step_num = 48477, score = -169.84908525736898
episode: 516, env_step_num = 48541, score = -82.89395444358124
episode: 517, env_step_num = 48648, score = -159.6891158637543
episode: 518, env_step_num = 48712, score = -54.44440311695415
episode: 519, env_step_num = 48828, score = -340.6557366208368
episode: 520, env_step_num = 48920, score = -62.55556833321254
episode: 521, env_step_num = 49005, score = -183.6353840489483
episode: 522, env_step_num = 49113, score = -297.5202816232114
episode: 523, env_step_num = 49192, score = -110.09727065580755
episode: 524, env_step_num = 49285, score = -338.87744539636776
episode: 525, env_step_num = 49392, score = -123.00971461406624
episode: 526, env_step_num = 49476, score = -239.89886164181394
episode: 527, env_step_num = 49552, score = -70.12091904893992
episode: 528, env_step_num = 49626, score = -174.66845656673942
episode: 529, env_step_num = 49737, score = -538.6509130394059
episode: 530, env_step_num = 49822, score = -135.24247304352662
episode: 531, env_step_num = 49893, score = -127.00918185843301
episode: 532, env_step_num = 49983, score = -87.28324001005763
episode: 533, env_step_num = 50087, score = -105.1585223194624
episode: 534, env_step_num = 50191, score = -260.4877889926395
episode: 535, env_step_num = 50293, score = -214.6038097454093
episode: 536, env_step_num = 50378, score = -160.84917550815854
episode: 537, env_step_num = 50493, score = -362.6618832939291
episode: 538, env_step_num = 50560, score = -328.48865013329896
episode: 539, env_step_num = 50667, score = -176.38285704743743
episode: 540, env_step_num = 50733, score = -140.28437527994205
episode: 541, env_step_num = 50826, score = -123.89731784750813
episode: 542, env_step_num = 50955, score = -99.79833469869436
episode: 543, env_step_num = 51061, score = -122.64993682965664
episode: 544, env_step_num = 51142, score = -132.34838661823073
episode: 545, env_step_num = 51258, score = -119.11321955459363
episode: 546, env_step_num = 51374, score = -375.86141417091676
episode: 547, env_step_num = 51461, score = -28.298327272456348
episode: 548, env_step_num = 51566, score = -104.41175949261692
episode: 549, env_step_num = 51664, score = -192.0373231806375
episode: 550, env_step_num = 51782, score = -394.7696776336735
episode: 551, env_step_num = 51859, score = -97.76240128214292
episode: 552, env_step_num = 51927, score = -90.40977592298572
episode: 553, env_step_num = 52005, score = -85.8084379003212
episode: 554, env_step_num = 52082, score = -84.688783975844
episode: 555, env_step_num = 52154, score = -278.1017929956299
episode: 556, env_step_num = 52247, score = -130.97668237940636
episode: 557, env_step_num = 52315, score = -101.599950043366
episode: 558, env_step_num = 52407, score = -133.37687248380365
episode: 559, env_step_num = 52505, score = -203.97871417845383
episode: 560, env_step_num = 52571, score = -49.20280459332635
episode: 561, env_step_num = 52671, score = -290.49134006547484
episode: 562, env_step_num = 52736, score = -65.37536484465625
episode: 563, env_step_num = 52824, score = -303.6692697499914
episode: 564, env_step_num = 52927, score = -101.74283537469894
episode: 565, env_step_num = 53006, score = -103.35640661957932
episode: 566, env_step_num = 53089, score = -125.1650356766052
episode: 567, env_step_num = 53214, score = -126.25293879649658
episode: 568, env_step_num = 53318, score = -88.91932800176649
episode: 569, env_step_num = 53416, score = -19.925125432990626
episode: 570, env_step_num = 53490, score = -156.21241424327513
episode: 571, env_step_num = 53629, score = -353.7082884588835
episode: 572, env_step_num = 53730, score = -217.77296228292477
episode: 573, env_step_num = 53791, score = -176.87175192181783
episode: 574, env_step_num = 53901, score = -93.84487473571842
episode: 575, env_step_num = 53994, score = -250.74007102675424
episode: 576, env_step_num = 54113, score = -150.22777530934866
episode: 577, env_step_num = 54250, score = -400.3949573108858
episode: 578, env_step_num = 54335, score = -63.048720080666314
episode: 579, env_step_num = 54411, score = -105.93290379429321
episode: 580, env_step_num = 54508, score = -133.7556003342308
episode: 581, env_step_num = 54594, score = -222.3882131402853
episode: 582, env_step_num = 54677, score = -114.4246668071339
episode: 583, env_step_num = 54783, score = -170.86136360385552
episode: 584, env_step_num = 54871, score = -112.95236737613472
episode: 585, env_step_num = 54970, score = -153.30598209498567
episode: 586, env_step_num = 55058, score = -148.99466872978869
episode: 587, env_step_num = 55206, score = -203.36649652265714
episode: 588, env_step_num = 55305, score = -233.19390165074572
episode: 589, env_step_num = 55378, score = -81.12517742664066
episode: 590, env_step_num = 55493, score = -191.66177777409007
episode: 591, env_step_num = 55556, score = -52.4132552241787
episode: 592, env_step_num = 55641, score = -123.22826144954553
episode: 593, env_step_num = 55730, score = -202.590129357921
episode: 594, env_step_num = 55845, score = -208.49375002841214
episode: 595, env_step_num = 55903, score = -70.6071560266444
episode: 596, env_step_num = 55975, score = -121.17576930570468
episode: 597, env_step_num = 56050, score = -202.76529262456793
episode: 598, env_step_num = 56157, score = -147.83535064369664
episode: 599, env_step_num = 56285, score = -144.0571938358357
target network updated.
episode: 600, env_step_num = 56347, score = -77.42906957261599
episode: 601, env_step_num = 56428, score = -109.87566981035593
episode: 602, env_step_num = 56501, score = -86.43819183814223
episode: 603, env_step_num = 56581, score = -219.9818544860125
episode: 604, env_step_num = 56672, score = -288.9590423422645
episode: 605, env_step_num = 56794, score = -167.57683043862983
episode: 606, env_step_num = 56868, score = -85.01424592411755
episode: 607, env_step_num = 56931, score = -105.61717192427264
episode: 608, env_step_num = 57033, score = -377.4073694524847
episode: 609, env_step_num = 57137, score = -53.38910602109546
episode: 610, env_step_num = 57253, score = -286.2524931812008
episode: 611, env_step_num = 57334, score = -117.13945406465267
episode: 612, env_step_num = 57399, score = -25.016448173003724
episode: 613, env_step_num = 57524, score = -132.05614546193672
episode: 614, env_step_num = 57592, score = -62.52442448044692
episode: 615, env_step_num = 57692, score = -94.53428038281918
episode: 616, env_step_num = 57785, score = -521.1158232895448
episode: 617, env_step_num = 57847, score = -99.1142755555428
episode: 618, env_step_num = 57984, score = -172.86525938678017
episode: 619, env_step_num = 58091, score = -155.0326366428095
episode: 620, env_step_num = 58206, score = -192.48502795823742
episode: 621, env_step_num = 58326, score = -118.53899470672454
episode: 622, env_step_num = 58437, score = -476.58523787630537
episode: 623, env_step_num = 58512, score = -95.1274808450394
episode: 624, env_step_num = 58605, score = -304.45924982323993
episode: 625, env_step_num = 58692, score = -77.26232326308389
episode: 626, env_step_num = 58774, score = -120.27307502884287
episode: 627, env_step_num = 58846, score = -128.4148403219449
episode: 628, env_step_num = 58934, score = -187.60324085245577
episode: 629, env_step_num = 59029, score = -364.8793725831409
episode: 630, env_step_num = 59126, score = -97.14980075827026
episode: 631, env_step_num = 59218, score = 2.917307831147923
episode: 632, env_step_num = 59339, score = -118.62260344690084
episode: 633, env_step_num = 59425, score = -82.45210843459446
episode: 634, env_step_num = 59525, score = -244.87492170848344
episode: 635, env_step_num = 59634, score = -152.74001072597918
episode: 636, env_step_num = 59707, score = -203.06673583369087
episode: 637, env_step_num = 59858, score = -52.3205972978618
episode: 638, env_step_num = 59977, score = -383.83577087520433
episode: 639, env_step_num = 60082, score = -176.91899400996402
episode: 640, env_step_num = 60174, score = -81.1665047064775
episode: 641, env_step_num = 60238, score = -114.01389555701297
episode: 642, env_step_num = 60329, score = -300.0804815497231
episode: 643, env_step_num = 60427, score = -205.18580988674958
episode: 644, env_step_num = 60507, score = -121.79955939233864
episode: 645, env_step_num = 60592, score = -124.88689319495275
episode: 646, env_step_num = 60692, score = -152.60691796425067
episode: 647, env_step_num = 60796, score = -135.04869978475796
episode: 648, env_step_num = 60874, score = -174.6673967413238
episode: 649, env_step_num = 60994, score = -142.34887947909814
episode: 650, env_step_num = 61064, score = -93.35071119590502
episode: 651, env_step_num = 61153, score = -328.3733824872999
episode: 652, env_step_num = 61231, score = -364.07941803518185
episode: 653, env_step_num = 61349, score = -172.23019118805163
episode: 654, env_step_num = 61419, score = -95.70718936358475
episode: 655, env_step_num = 61526, score = -322.6487741906824
episode: 656, env_step_num = 61627, score = -147.38114558383222
episode: 657, env_step_num = 61731, score = -127.98313145284163
episode: 658, env_step_num = 61838, score = -324.92047570938814
episode: 659, env_step_num = 61924, score = 17.70905415773393
episode: 660, env_step_num = 62014, score = -261.0980820877343
episode: 661, env_step_num = 62093, score = -93.09215988719825
episode: 662, env_step_num = 62149, score = -141.0390010261063
episode: 663, env_step_num = 62281, score = -217.265749421534
episode: 664, env_step_num = 62383, score = -123.5533335864637
episode: 665, env_step_num = 62481, score = -282.936245759195
episode: 666, env_step_num = 62579, score = -145.15364813776455
episode: 667, env_step_num = 62639, score = -128.15160435976125
episode: 668, env_step_num = 62778, score = -122.44708265076827
episode: 669, env_step_num = 62918, score = -135.17300978654345
episode: 670, env_step_num = 63032, score = 17.520514891570798
episode: 671, env_step_num = 63141, score = -270.5300530174248
episode: 672, env_step_num = 63236, score = 5.612350893648767
episode: 673, env_step_num = 63344, score = -170.32235625546298
episode: 674, env_step_num = 63429, score = -179.13760376449696
episode: 675, env_step_num = 63499, score = -87.13302649566712
episode: 676, env_step_num = 63580, score = -119.0161523444714
episode: 677, env_step_num = 63669, score = -323.9417484336011
episode: 678, env_step_num = 63753, score = -132.9908921672984
episode: 679, env_step_num = 63842, score = -108.23162913771253
episode: 680, env_step_num = 63947, score = -209.19850086256832
episode: 681, env_step_num = 64064, score = -109.84431507796417
episode: 682, env_step_num = 64187, score = -140.53230692575139
episode: 683, env_step_num = 64259, score = -76.8178570542067
episode: 684, env_step_num = 64347, score = -39.48441151693051
episode: 685, env_step_num = 64450, score = -270.1100456769586
episode: 686, env_step_num = 64551, score = -244.7427498088419
episode: 687, env_step_num = 64649, score = -77.6394466284146
episode: 688, env_step_num = 64725, score = -438.01826322932214
episode: 689, env_step_num = 64827, score = -402.37638518355624
episode: 690, env_step_num = 64906, score = -187.28476912642077
episode: 691, env_step_num = 64976, score = -91.81837595396807
episode: 692, env_step_num = 65048, score = -191.5564192339524
episode: 693, env_step_num = 65116, score = -78.93587846463332
episode: 694, env_step_num = 65197, score = -107.49317363590684
episode: 695, env_step_num = 65292, score = -409.9525617231255
episode: 696, env_step_num = 65360, score = -113.22019266349503
episode: 697, env_step_num = 65461, score = -85.7251175464304
episode: 698, env_step_num = 65555, score = -153.83781841727662
episode: 699, env_step_num = 65651, score = -192.33322142095787
episode: 700, env_step_num = 65708, score = -80.66579916239388
episode: 701, env_step_num = 65791, score = -225.04187466039212
episode: 702, env_step_num = 65893, score = -111.23342708990376
episode: 703, env_step_num = 65962, score = -78.45457175072148
episode: 704, env_step_num = 66040, score = -196.43017970636055
episode: 705, env_step_num = 66132, score = -84.56954792477995
episode: 706, env_step_num = 66220, score = -104.76644522527667
episode: 707, env_step_num = 66310, score = -345.74005878245896
episode: 708, env_step_num = 66386, score = -197.56419089497308
episode: 709, env_step_num = 66457, score = -191.53528178285052
episode: 710, env_step_num = 66564, score = -200.91187638287516
episode: 711, env_step_num = 66678, score = -65.95005895558916
episode: 712, env_step_num = 66807, score = -245.41960325944916
episode: 713, env_step_num = 66885, score = -265.73696712034484
episode: 714, env_step_num = 66949, score = -222.5718255750105
episode: 715, env_step_num = 67065, score = -106.70027481520916
episode: 716, env_step_num = 67134, score = -133.6221778874338
episode: 717, env_step_num = 67226, score = -205.43172915583023
episode: 718, env_step_num = 67352, score = -210.45444784798048
episode: 719, env_step_num = 67425, score = -120.08532858352007
episode: 720, env_step_num = 67502, score = -327.2677018134328
episode: 721, env_step_num = 67601, score = -54.83394764780434
episode: 722, env_step_num = 67669, score = -71.36789620749174
episode: 723, env_step_num = 67781, score = -157.02208998287563
episode: 724, env_step_num = 67888, score = -199.8819069081585
episode: 725, env_step_num = 68040, score = -189.58397849808904
episode: 726, env_step_num = 68166, score = -189.250314395606
episode: 727, env_step_num = 68248, score = -272.4954287826921
episode: 728, env_step_num = 68330, score = -114.56827440434851
episode: 729, env_step_num = 68472, score = -210.26144045348184
episode: 730, env_step_num = 68542, score = -104.22504598548541
episode: 731, env_step_num = 68644, score = -100.07236381459805
episode: 732, env_step_num = 68719, score = -180.38653650047564
episode: 733, env_step_num = 68865, score = -115.25866149691292
episode: 734, env_step_num = 68961, score = -110.14985375111226
episode: 735, env_step_num = 69043, score = -128.17480527451386
episode: 736, env_step_num = 69129, score = -393.1535044105341
episode: 737, env_step_num = 69204, score = -355.9148277951066
episode: 738, env_step_num = 69291, score = -185.94315850805194
episode: 739, env_step_num = 69359, score = -74.26009024099467
episode: 740, env_step_num = 69438, score = -302.83688213833295
episode: 741, env_step_num = 69525, score = -355.96719245877614
episode: 742, env_step_num = 69634, score = -82.08064724129125
episode: 743, env_step_num = 69777, score = -295.75791398403896
episode: 744, env_step_num = 69866, score = -255.72437844585295
episode: 745, env_step_num = 69958, score = -139.92175335016864
episode: 746, env_step_num = 70060, score = -202.43994306819152
episode: 747, env_step_num = 70176, score = -305.9183273579822
episode: 748, env_step_num = 70264, score = -355.7037068665795
episode: 749, env_step_num = 70359, score = -107.08333781231272
episode: 750, env_step_num = 70461, score = -79.43934422162333
episode: 751, env_step_num = 70569, score = -81.39850091346395
episode: 752, env_step_num = 70658, score = -116.50179841236289
episode: 753, env_step_num = 70763, score = -105.37600415067337
episode: 754, env_step_num = 70833, score = -99.56814953516228
episode: 755, env_step_num = 70965, score = -6.906486435299399
episode: 756, env_step_num = 71028, score = -131.75128248123463
episode: 757, env_step_num = 71113, score = -345.5999290904998
episode: 758, env_step_num = 71208, score = -239.22670111365315
episode: 759, env_step_num = 71319, score = -97.13934533999651
episode: 760, env_step_num = 71424, score = -155.88984958257458
episode: 761, env_step_num = 71525, score = -112.58576040420434
episode: 762, env_step_num = 71635, score = -93.81865379917168
episode: 763, env_step_num = 71715, score = -107.9093760683522
episode: 764, env_step_num = 71788, score = -161.21767727192668
episode: 765, env_step_num = 71892, score = -208.51617263514925
episode: 766, env_step_num = 71982, score = -245.5427624270311
episode: 767, env_step_num = 72116, score = -381.5712295333707
episode: 768, env_step_num = 72253, score = -205.37101107767774
episode: 769, env_step_num = 72330, score = -70.02618115586102
episode: 770, env_step_num = 72422, score = -356.513027490834
episode: 771, env_step_num = 72573, score = -174.9629033051084
episode: 772, env_step_num = 72678, score = -118.78347860797226
episode: 773, env_step_num = 72771, score = -166.61302415187674
episode: 774, env_step_num = 72837, score = -82.84671980532788
episode: 775, env_step_num = 72897, score = -95.72899258688487
episode: 776, env_step_num = 72966, score = -98.36367194339171
episode: 777, env_step_num = 73036, score = -159.1780605374327
episode: 778, env_step_num = 73107, score = -219.08948674232403
episode: 779, env_step_num = 73189, score = -269.8522164140561
episode: 780, env_step_num = 73250, score = -70.50146339389245
episode: 781, env_step_num = 73364, score = -92.67716596862464
episode: 782, env_step_num = 73490, score = -134.7977937971045
episode: 783, env_step_num = 73621, score = -193.52154141413274
episode: 784, env_step_num = 73693, score = -61.15421173683379
episode: 785, env_step_num = 73787, score = -277.10699294245427
episode: 786, env_step_num = 73911, score = -30.809792129895456
episode: 787, env_step_num = 74006, score = -429.43258424041164
episode: 788, env_step_num = 74078, score = -95.8550596470549
episode: 789, env_step_num = 74141, score = -68.63256298982927
episode: 790, env_step_num = 74246, score = -109.27846552088639
episode: 791, env_step_num = 74357, score = -109.60884301074633
episode: 792, env_step_num = 74447, score = -263.1068635414921
episode: 793, env_step_num = 74582, score = -203.51120289703744
episode: 794, env_step_num = 74679, score = -244.74891124447672
episode: 795, env_step_num = 74790, score = -173.68652108417533
episode: 796, env_step_num = 74889, score = -126.22719430438099
episode: 797, env_step_num = 74974, score = -372.5845913799431
episode: 798, env_step_num = 75052, score = -23.469001258011247
episode: 799, env_step_num = 75121, score = -56.14097416109335
target network updated.
episode: 800, env_step_num = 75182, score = -95.64388941649958
episode: 801, env_step_num = 75298, score = -254.45541722765665
episode: 802, env_step_num = 75378, score = -104.91179751949218
episode: 803, env_step_num = 75458, score = -100.58396831918611
episode: 804, env_step_num = 75560, score = -280.60659843331104
episode: 805, env_step_num = 75644, score = -282.8135769992161
episode: 806, env_step_num = 75731, score = -130.88375947631368
episode: 807, env_step_num = 75828, score = -112.90113452425052
episode: 808, env_step_num = 75913, score = -165.18445571431548
episode: 809, env_step_num = 75999, score = -195.3546008386101
episode: 810, env_step_num = 76065, score = -45.77883733547108
episode: 811, env_step_num = 76142, score = -78.58442013039644
episode: 812, env_step_num = 76245, score = -372.83466110965736
episode: 813, env_step_num = 76342, score = -339.0656568811089
episode: 814, env_step_num = 76464, score = -288.58605723909716
episode: 815, env_step_num = 76548, score = -373.8392577393736
episode: 816, env_step_num = 76615, score = -53.391555208850406
episode: 817, env_step_num = 76694, score = -89.01375663322435
episode: 818, env_step_num = 76823, score = -485.7341330772672
episode: 819, env_step_num = 76904, score = -104.99208831908541
episode: 820, env_step_num = 76978, score = -298.6735278905093
episode: 821, env_step_num = 77077, score = -230.39681452890065
episode: 822, env_step_num = 77161, score = -99.017025883275
episode: 823, env_step_num = 77279, score = -83.85968665983646
episode: 824, env_step_num = 77447, score = -89.54171115129678
episode: 825, env_step_num = 77568, score = -295.67003369379756
episode: 826, env_step_num = 77637, score = -86.91516734676375
episode: 827, env_step_num = 77772, score = -97.71044488413423
episode: 828, env_step_num = 77866, score = -104.01946220855746
episode: 829, env_step_num = 77988, score = -199.3082456870108
episode: 830, env_step_num = 78069, score = -97.41665288188818
episode: 831, env_step_num = 78141, score = -126.79410502699471
episode: 832, env_step_num = 78213, score = -157.1868685916009
episode: 833, env_step_num = 78316, score = -230.28678160834352
episode: 834, env_step_num = 78419, score = -316.72856316712404
episode: 835, env_step_num = 78516, score = -86.62879288612082
episode: 836, env_step_num = 78631, score = -173.4959386737983
episode: 837, env_step_num = 78709, score = -190.7255717412002
episode: 838, env_step_num = 78814, score = -126.32128930966755
episode: 839, env_step_num = 78915, score = -92.91750903396516
episode: 840, env_step_num = 79014, score = -150.7307331639522
episode: 841, env_step_num = 79107, score = -269.44472569955065
episode: 842, env_step_num = 79210, score = -278.05265959844667
episode: 843, env_step_num = 79296, score = -146.39366248497714
episode: 844, env_step_num = 79419, score = -89.30564909405315
episode: 845, env_step_num = 79496, score = -101.05626012651393
episode: 846, env_step_num = 79616, score = -109.67073385195849
episode: 847, env_step_num = 79704, score = -389.1987576074752
episode: 848, env_step_num = 79852, score = -118.00192603747901
episode: 849, env_step_num = 79933, score = -160.68196896177093
episode: 850, env_step_num = 80041, score = -74.41326600616969
episode: 851, env_step_num = 80132, score = -185.59916463664717
episode: 852, env_step_num = 80276, score = -206.04422897995568
episode: 853, env_step_num = 80405, score = -76.87895496366541
episode: 854, env_step_num = 80483, score = -55.46842486394986
episode: 855, env_step_num = 80589, score = -116.40543430990638
episode: 856, env_step_num = 80694, score = -82.5256579838599
episode: 857, env_step_num = 80763, score = -94.44919834811299
episode: 858, env_step_num = 80854, score = -88.17366815927872
episode: 859, env_step_num = 80947, score = -73.37904818529351
episode: 860, env_step_num = 81040, score = -223.5734078791999
episode: 861, env_step_num = 81123, score = -113.35265959337525
episode: 862, env_step_num = 81183, score = -74.45736071207253
episode: 863, env_step_num = 81275, score = -48.23257487951511
episode: 864, env_step_num = 81374, score = -209.15916624308042
episode: 865, env_step_num = 81442, score = -113.29468281485114
episode: 866, env_step_num = 81528, score = -319.1420093688373
episode: 867, env_step_num = 81660, score = -170.4769262189979
episode: 868, env_step_num = 81755, score = -242.11130488244183
episode: 869, env_step_num = 81841, score = -114.93905578587692
episode: 870, env_step_num = 81960, score = -200.62087705181443
episode: 871, env_step_num = 82055, score = -356.49993330597744
episode: 872, env_step_num = 82135, score = -79.85956776374454
episode: 873, env_step_num = 82199, score = -117.17846472147934
episode: 874, env_step_num = 82287, score = -327.42588907495633
episode: 875, env_step_num = 82383, score = -234.80390333789256
episode: 876, env_step_num = 82499, score = -295.52297394368594
episode: 877, env_step_num = 82580, score = -150.21057813976944
episode: 878, env_step_num = 82653, score = -152.35067854376976
episode: 879, env_step_num = 82739, score = -85.0566560305088
episode: 880, env_step_num = 82864, score = -185.03591956946528
episode: 881, env_step_num = 82987, score = -149.04825833286833
episode: 882, env_step_num = 83065, score = -123.53747774931468
episode: 883, env_step_num = 83148, score = -133.49511434414637
episode: 884, env_step_num = 83283, score = -202.45125331083187
episode: 885, env_step_num = 83390, score = -182.24363030278505
episode: 886, env_step_num = 83501, score = -319.0656383593745
episode: 887, env_step_num = 83609, score = -356.70017705973424
episode: 888, env_step_num = 83690, score = -119.65194133231681
episode: 889, env_step_num = 83772, score = -62.439533992005224
episode: 890, env_step_num = 83861, score = -54.04990968095056
episode: 891, env_step_num = 83979, score = -169.61691579622365
episode: 892, env_step_num = 84103, score = -165.63618312005184
episode: 893, env_step_num = 84204, score = -137.64905581457873
episode: 894, env_step_num = 84291, score = -371.1060598311266
episode: 895, env_step_num = 84354, score = -74.93854743579838
episode: 896, env_step_num = 84426, score = -133.92619249715463
episode: 897, env_step_num = 84522, score = -129.20999497154583
episode: 898, env_step_num = 84645, score = -313.3880072682788
episode: 899, env_step_num = 84723, score = -42.955490650333104
episode: 900, env_step_num = 84831, score = -79.87054339420489
episode: 901, env_step_num = 84910, score = -50.968901706441585
episode: 902, env_step_num = 84977, score = -119.55366939429636
episode: 903, env_step_num = 85044, score = -64.2085374826701
episode: 904, env_step_num = 85171, score = -183.88246426553093
episode: 905, env_step_num = 85284, score = -238.70823518692532
episode: 906, env_step_num = 85346, score = -50.096184402630456
episode: 907, env_step_num = 85463, score = -215.21825917059763
episode: 908, env_step_num = 85528, score = -86.74607737773472
episode: 909, env_step_num = 85605, score = -105.94631611254525
episode: 910, env_step_num = 85733, score = -339.92789533498035
episode: 911, env_step_num = 85876, score = -87.98811772656674
episode: 912, env_step_num = 85979, score = -116.54215693644329
episode: 913, env_step_num = 86057, score = -111.88119276299714
episode: 914, env_step_num = 86172, score = -174.3256295175586
episode: 915, env_step_num = 86235, score = -215.6242215351038
episode: 916, env_step_num = 86344, score = -206.73755752463217
episode: 917, env_step_num = 86443, score = -235.02962116836167
episode: 918, env_step_num = 86524, score = -20.23428752634284
episode: 919, env_step_num = 86654, score = -148.31104375987803
episode: 920, env_step_num = 86770, score = -181.8652299824269
episode: 921, env_step_num = 86863, score = -92.47718809003015
episode: 922, env_step_num = 86996, score = -85.97750208151507
episode: 923, env_step_num = 87104, score = -231.2738350288042
episode: 924, env_step_num = 87212, score = -110.85809908311708
episode: 925, env_step_num = 87318, score = -122.74084827112625
episode: 926, env_step_num = 87397, score = -250.1748275423097
episode: 927, env_step_num = 87494, score = -204.02303988667427
episode: 928, env_step_num = 87594, score = -100.3580639108136
episode: 929, env_step_num = 87672, score = -68.91836262330325
episode: 930, env_step_num = 87755, score = -20.988719806880724
episode: 931, env_step_num = 87849, score = -259.84308740627523
episode: 932, env_step_num = 87937, score = -229.45405617129694
episode: 933, env_step_num = 88060, score = -171.66755911575973
episode: 934, env_step_num = 88179, score = -196.57728848861615
episode: 935, env_step_num = 88256, score = -100.49437357672959
episode: 936, env_step_num = 88339, score = -137.73594271889579
episode: 937, env_step_num = 88446, score = -209.88469228055482
episode: 938, env_step_num = 88536, score = -218.10743544252315
episode: 939, env_step_num = 88631, score = -112.87292089050678
episode: 940, env_step_num = 88734, score = -105.8303422699966
episode: 941, env_step_num = 88871, score = -80.533592580602
episode: 942, env_step_num = 88945, score = -80.10762312983736
episode: 943, env_step_num = 89008, score = -76.60408385235611
episode: 944, env_step_num = 89101, score = -57.96668465088488
episode: 945, env_step_num = 89189, score = -255.74886404487486
episode: 946, env_step_num = 89295, score = -117.39068885977318
episode: 947, env_step_num = 89392, score = -92.34458368247002
episode: 948, env_step_num = 89481, score = -282.46960195724057
episode: 949, env_step_num = 89586, score = -134.9225532644386
episode: 950, env_step_num = 89673, score = -115.58634157646615
episode: 951, env_step_num = 89787, score = -100.42931947262112
episode: 952, env_step_num = 89916, score = -24.21077067076945
episode: 953, env_step_num = 90008, score = -107.07821308893875
episode: 954, env_step_num = 90072, score = -169.89281252275708
episode: 955, env_step_num = 90176, score = -179.13824890112684
episode: 956, env_step_num = 90279, score = -69.46005485842346
episode: 957, env_step_num = 90356, score = -87.9797853160139
episode: 958, env_step_num = 90457, score = -112.44620102411345
episode: 959, env_step_num = 90565, score = -10.974394656660422
episode: 960, env_step_num = 90628, score = -71.62905690356621
episode: 961, env_step_num = 90717, score = -90.72689364493992
episode: 962, env_step_num = 90798, score = -147.94996153945624
episode: 963, env_step_num = 90878, score = -82.60178038111003
episode: 964, env_step_num = 90947, score = -167.26640645715153
episode: 965, env_step_num = 91024, score = -282.6189534609955
episode: 966, env_step_num = 91104, score = -212.82245364132095
episode: 967, env_step_num = 91182, score = -108.95582750818514
episode: 968, env_step_num = 91251, score = -110.26004642764346
episode: 969, env_step_num = 91337, score = -242.82292944271273
episode: 970, env_step_num = 91439, score = -122.31817297036005
episode: 971, env_step_num = 91549, score = -125.58425405310682
episode: 972, env_step_num = 91628, score = -335.6467423953138
episode: 973, env_step_num = 91700, score = -118.01258288435503
episode: 974, env_step_num = 91796, score = -432.7750806253729
episode: 975, env_step_num = 91897, score = -263.1264671306244
episode: 976, env_step_num = 92031, score = -147.35919414093743
episode: 977, env_step_num = 92108, score = -222.03821614467267
episode: 978, env_step_num = 92204, score = -170.33752376614672
episode: 979, env_step_num = 92286, score = -69.92878711599728
episode: 980, env_step_num = 92402, score = -77.63001448375891
episode: 981, env_step_num = 92524, score = -156.69659135081855
episode: 982, env_step_num = 92612, score = -366.9972853085244
episode: 983, env_step_num = 92718, score = -128.22393824930634
episode: 984, env_step_num = 92825, score = -43.535849975422195
episode: 985, env_step_num = 92926, score = -81.43976591386982
episode: 986, env_step_num = 93044, score = -188.89717678408766
episode: 987, env_step_num = 93106, score = -92.00613753990625
episode: 988, env_step_num = 93184, score = -355.916633427995
episode: 989, env_step_num = 93275, score = -114.69783599050656
episode: 990, env_step_num = 93352, score = -116.08351485174089
episode: 991, env_step_num = 93455, score = -126.88535897297169
episode: 992, env_step_num = 93605, score = -274.30995542894556
episode: 993, env_step_num = 93708, score = -294.6450836730876
episode: 994, env_step_num = 93794, score = -171.93267386461758
episode: 995, env_step_num = 93911, score = -266.4825694727301
episode: 996, env_step_num = 94020, score = -315.0521456359394
episode: 997, env_step_num = 94084, score = -72.85774662327282
episode: 998, env_step_num = 94178, score = -86.95837665679548
episode: 999, env_step_num = 94240, score = -98.03741617198591
target network updated.
episode: 1000, env_step_num = 94380, score = -209.23814084329973
episode: 1001, env_step_num = 94525, score = -58.8310310866574
episode: 1002, env_step_num = 94669, score = -216.7061447003032
episode: 1003, env_step_num = 94797, score = -332.34824353643353
episode: 1004, env_step_num = 94901, score = -130.49292183706353
episode: 1005, env_step_num = 95023, score = -57.11412767467292
episode: 1006, env_step_num = 95095, score = -100.38903723880833
episode: 1007, env_step_num = 95207, score = -318.69206357855694
episode: 1008, env_step_num = 95288, score = -78.93286652269283
episode: 1009, env_step_num = 95413, score = -265.80868063516226
episode: 1010, env_step_num = 95517, score = -162.4088578051299
episode: 1011, env_step_num = 95634, score = -249.7022133496597
episode: 1012, env_step_num = 95755, score = -269.2178609475617
episode: 1013, env_step_num = 95895, score = -38.46129758795399
episode: 1014, env_step_num = 96043, score = -48.490498064467644
episode: 1015, env_step_num = 96150, score = -125.72842066537906
episode: 1016, env_step_num = 96269, score = -116.09545318243903
episode: 1017, env_step_num = 96376, score = -252.7688154656845
episode: 1018, env_step_num = 96494, score = -47.54884103827018
episode: 1019, env_step_num = 96573, score = -133.99895885183656
episode: 1020, env_step_num = 96663, score = -29.442157815672275
episode: 1021, env_step_num = 96739, score = -217.41287811726227
episode: 1022, env_step_num = 96801, score = -173.56187719051462
episode: 1023, env_step_num = 96879, score = -8.954604209434535
episode: 1024, env_step_num = 96986, score = -145.90897033786217
episode: 1025, env_step_num = 97101, score = -93.62683984733405
episode: 1026, env_step_num = 97223, score = -204.96028069224775
episode: 1027, env_step_num = 97291, score = -282.97373596882505
episode: 1028, env_step_num = 97424, score = -120.9162844521993
episode: 1029, env_step_num = 97533, score = -239.60620394855363
episode: 1030, env_step_num = 97622, score = -164.62613124641473
episode: 1031, env_step_num = 97735, score = -112.68138257590155
episode: 1032, env_step_num = 97837, score = -111.41245552107037
episode: 1033, env_step_num = 97955, score = -338.6292509797414
episode: 1034, env_step_num = 98033, score = -87.43329304556771
episode: 1035, env_step_num = 98164, score = -86.86854376402242
episode: 1036, env_step_num = 98261, score = -276.3361069498417
episode: 1037, env_step_num = 98342, score = -181.48267786829433
episode: 1038, env_step_num = 98456, score = -123.47876241196072
episode: 1039, env_step_num = 98580, score = -676.3475927358717
episode: 1040, env_step_num = 98701, score = -231.71668937384658
episode: 1041, env_step_num = 98787, score = -118.70546777154759
episode: 1042, env_step_num = 98899, score = -166.74579377127884
episode: 1043, env_step_num = 99001, score = -146.02102473496126
episode: 1044, env_step_num = 99117, score = -28.66351725772887
episode: 1045, env_step_num = 99217, score = -264.1666334221935
episode: 1046, env_step_num = 99326, score = -266.63399544689196
episode: 1047, env_step_num = 99407, score = -372.2782981745434
episode: 1048, env_step_num = 99527, score = -326.3905386566062
episode: 1049, env_step_num = 99600, score = -212.478462152855
episode: 1050, env_step_num = 99663, score = -80.73457424020322
episode: 1051, env_step_num = 99770, score = 0.7453432909302364
episode: 1052, env_step_num = 99844, score = -116.67701227089518
episode: 1053, env_step_num = 99949, score = -180.97952974914767
episode: 1054, env_step_num = 100074, score = -276.4679014915467
episode: 1055, env_step_num = 100144, score = -49.61552334531137
episode: 1056, env_step_num = 100245, score = -68.83918230311762
episode: 1057, env_step_num = 100360, score = -40.26035731074056
episode: 1058, env_step_num = 100453, score = -169.67745385698794
episode: 1059, env_step_num = 100580, score = 7.891985697694068
episode: 1060, env_step_num = 100690, score = -190.84666748977023
episode: 1061, env_step_num = 100764, score = -166.97118336441093
episode: 1062, env_step_num = 100863, score = -91.7801066779727
episode: 1063, env_step_num = 100940, score = -61.155196029516944
episode: 1064, env_step_num = 101029, score = -32.34832891860256
episode: 1065, env_step_num = 101116, score = -113.80827304011036
episode: 1066, env_step_num = 101216, score = -239.50003343236511
episode: 1067, env_step_num = 101301, score = -189.7203583583871
episode: 1068, env_step_num = 101422, score = -205.08443134948823
episode: 1069, env_step_num = 101533, score = -108.9152570819369
episode: 1070, env_step_num = 101646, score = -253.59339115887684
episode: 1071, env_step_num = 101727, score = -199.17907314044987
episode: 1072, env_step_num = 101797, score = -224.11579639837572
episode: 1073, env_step_num = 101921, score = 31.118289798504918
episode: 1074, env_step_num = 102059, score = -24.043357658217644
episode: 1075, env_step_num = 102152, score = -152.45652981247775
episode: 1076, env_step_num = 102269, score = -14.633874204740536
episode: 1077, env_step_num = 102379, score = -72.03377234038489
episode: 1078, env_step_num = 102476, score = -106.60603098527419
episode: 1079, env_step_num = 102558, score = -200.30675942236425
episode: 1080, env_step_num = 102667, score = -89.15699217807851
episode: 1081, env_step_num = 102749, score = -58.15122219182099
episode: 1082, env_step_num = 102864, score = -287.04865750745216
episode: 1083, env_step_num = 102964, score = -241.53111365082907
episode: 1084, env_step_num = 103074, score = -107.97724611627214
episode: 1085, env_step_num = 103181, score = -334.61894894482725
episode: 1086, env_step_num = 103248, score = -79.73761144443117
episode: 1087, env_step_num = 103358, score = -209.69589015976976
episode: 1088, env_step_num = 103469, score = -255.34272319710553
episode: 1089, env_step_num = 103591, score = -366.9638605061861
episode: 1090, env_step_num = 103677, score = -236.5799390619621
episode: 1091, env_step_num = 103766, score = -113.03911375974286
episode: 1092, env_step_num = 103854, score = -271.6085419087317
episode: 1093, env_step_num = 103963, score = -227.46273544814275
episode: 1094, env_step_num = 104032, score = -186.58005791974057
episode: 1095, env_step_num = 104151, score = -95.42003886608748
episode: 1096, env_step_num = 104237, score = -88.2591296492304
episode: 1097, env_step_num = 104376, score = -89.6521541455864
episode: 1098, env_step_num = 104488, score = -112.29912501150667
episode: 1099, env_step_num = 104602, score = -160.3643288843429
episode: 1100, env_step_num = 104737, score = -263.1791811190288
episode: 1101, env_step_num = 104862, score = -146.7435224727681
episode: 1102, env_step_num = 104943, score = -75.14473168718735
episode: 1103, env_step_num = 105044, score = -504.56056433090293
episode: 1104, env_step_num = 105133, score = -93.48038022022162
episode: 1105, env_step_num = 105241, score = -510.7253782675641
episode: 1106, env_step_num = 105394, score = -186.62033558787698
episode: 1107, env_step_num = 105507, score = -43.527568600175
episode: 1108, env_step_num = 105564, score = -209.5032675277047
episode: 1109, env_step_num = 105661, score = -144.54530482601692
episode: 1110, env_step_num = 105784, score = -272.30702193968216
episode: 1111, env_step_num = 105871, score = -102.30044680738499
episode: 1112, env_step_num = 105977, score = -117.4541873405613
episode: 1113, env_step_num = 106074, score = -201.8141226198262
episode: 1114, env_step_num = 106171, score = -96.3018061235069
episode: 1115, env_step_num = 106264, score = -404.2273787552657
episode: 1116, env_step_num = 106331, score = -57.818794688781395
episode: 1117, env_step_num = 106415, score = -59.34243850490442
episode: 1118, env_step_num = 106507, score = -378.68774657531947
episode: 1119, env_step_num = 106638, score = -34.160396258659645
episode: 1120, env_step_num = 106766, score = -127.18761270652428
episode: 1121, env_step_num = 106883, score = -59.65986009819188
episode: 1122, env_step_num = 106967, score = -241.6012130154588
episode: 1123, env_step_num = 107075, score = -200.08253892480366
episode: 1124, env_step_num = 107174, score = -348.77389782368823
episode: 1125, env_step_num = 107262, score = -96.50093720946408
episode: 1126, env_step_num = 107367, score = -445.878059586837
episode: 1127, env_step_num = 107481, score = -142.7488541535182
episode: 1128, env_step_num = 107558, score = -75.54556847217009
episode: 1129, env_step_num = 107671, score = -86.70636992773657
episode: 1130, env_step_num = 107760, score = -118.92992565887675
episode: 1131, env_step_num = 107880, score = -125.5328051054647
episode: 1132, env_step_num = 107964, score = -233.15275847157577
episode: 1133, env_step_num = 108079, score = -358.8226326217271
episode: 1134, env_step_num = 108177, score = -127.30178129323403
episode: 1135, env_step_num = 108248, score = -169.9773694973163
episode: 1136, env_step_num = 108347, score = -314.3518949585797
episode: 1137, env_step_num = 108425, score = -282.8591115795481
episode: 1138, env_step_num = 108533, score = -110.77643734571691
episode: 1139, env_step_num = 108652, score = -416.33537302705594
episode: 1140, env_step_num = 108746, score = -87.44142809784937
episode: 1141, env_step_num = 108838, score = -238.89263408186204
episode: 1142, env_step_num = 108953, score = -103.65112285989608
episode: 1143, env_step_num = 109055, score = -111.96686181786606
episode: 1144, env_step_num = 109173, score = -181.14024238725472
episode: 1145, env_step_num = 109271, score = -1.8041317572788245
episode: 1146, env_step_num = 109356, score = -19.96918505575104
episode: 1147, env_step_num = 109439, score = -276.70856857682884
episode: 1148, env_step_num = 109502, score = -70.09644171554363
episode: 1149, env_step_num = 109603, score = -81.14914334188794
episode: 1150, env_step_num = 109732, score = -68.85637209201802
episode: 1151, env_step_num = 109878, score = -412.94754747229877
episode: 1152, env_step_num = 109961, score = -189.96883818204637
episode: 1153, env_step_num = 110077, score = -413.54264758630853
episode: 1154, env_step_num = 110160, score = -191.88197506045782
episode: 1155, env_step_num = 110251, score = -95.77908941162525
episode: 1156, env_step_num = 110349, score = -199.2714758508527
episode: 1157, env_step_num = 110471, score = -113.1002890125981
episode: 1158, env_step_num = 110568, score = -179.80160094946802
episode: 1159, env_step_num = 110690, score = -77.10012530794933
episode: 1160, env_step_num = 110773, score = -204.1885683747484
episode: 1161, env_step_num = 110875, score = -212.75847174446068
episode: 1162, env_step_num = 110966, score = -276.690323225541
episode: 1163, env_step_num = 111069, score = -267.3043899393813
episode: 1164, env_step_num = 111176, score = -241.6661094289096
episode: 1165, env_step_num = 111299, score = -59.11371372341419
episode: 1166, env_step_num = 111367, score = -193.95604959430494
episode: 1167, env_step_num = 111447, score = -81.38040115686768
episode: 1168, env_step_num = 111553, score = -341.44689367345217
episode: 1169, env_step_num = 111651, score = -75.41562196615742
episode: 1170, env_step_num = 111808, score = -153.34200272220886
episode: 1171, env_step_num = 111880, score = -96.83566786452508
episode: 1172, env_step_num = 111967, score = -78.13069865991383
episode: 1173, env_step_num = 112097, score = -75.07656587216744
episode: 1174, env_step_num = 112182, score = -103.06369222591367
episode: 1175, env_step_num = 112275, score = -208.6016865097016
episode: 1176, env_step_num = 112400, score = -310.84849206978595
episode: 1177, env_step_num = 112475, score = -108.30142809476953
episode: 1178, env_step_num = 112595, score = -126.93728065491429
episode: 1179, env_step_num = 112725, score = -85.04764310546823
episode: 1180, env_step_num = 112842, score = -79.88443346532986
episode: 1181, env_step_num = 112993, score = -259.26863955145376
episode: 1182, env_step_num = 113066, score = -46.73601546741605
episode: 1183, env_step_num = 113197, score = -251.63875011352098
episode: 1184, env_step_num = 113282, score = -114.58047336449367
episode: 1185, env_step_num = 113348, score = -299.3625732885723
episode: 1186, env_step_num = 113439, score = -279.17443044041136
episode: 1187, env_step_num = 113565, score = -30.68388375472483
episode: 1188, env_step_num = 113684, score = -236.08894374026076
episode: 1189, env_step_num = 113784, score = -258.33740047447134
episode: 1190, env_step_num = 113900, score = -331.63316988700154
episode: 1191, env_step_num = 114015, score = -299.3167488964323
episode: 1192, env_step_num = 114128, score = -116.9401528582852
episode: 1193, env_step_num = 114220, score = -258.8648105208708
episode: 1194, env_step_num = 114309, score = -388.13802600088525
episode: 1195, env_step_num = 114400, score = -262.0442450178384
episode: 1196, env_step_num = 114489, score = -60.57819045137002
episode: 1197, env_step_num = 114592, score = -130.1523543214435
episode: 1198, env_step_num = 114660, score = -104.28178707046408
episode: 1199, env_step_num = 114787, score = -209.63966879435043
target network updated.
episode: 1200, env_step_num = 114894, score = -269.1798114575316
episode: 1201, env_step_num = 114960, score = -178.8810093724898
episode: 1202, env_step_num = 115070, score = -291.39905122624793
episode: 1203, env_step_num = 115147, score = -182.5423343613292
episode: 1204, env_step_num = 115238, score = -136.88222076578435
episode: 1205, env_step_num = 115336, score = -64.37554731599819
episode: 1206, env_step_num = 115408, score = -70.82248013092021
episode: 1207, env_step_num = 115484, score = -109.80098910236032
episode: 1208, env_step_num = 115621, score = -188.63266474560282
episode: 1209, env_step_num = 115701, score = -111.0225561505679
episode: 1210, env_step_num = 115876, score = -25.89148728210361
episode: 1211, env_step_num = 115994, score = -221.2896510393335
episode: 1212, env_step_num = 116084, score = -363.44313393798006
episode: 1213, env_step_num = 116183, score = -140.116873258839
episode: 1214, env_step_num = 116302, score = -259.85446780316
episode: 1215, env_step_num = 116374, score = -132.5991563107375
episode: 1216, env_step_num = 116463, score = -144.34977912522237
episode: 1217, env_step_num = 116564, score = -180.3793511427195
episode: 1218, env_step_num = 116677, score = -44.107066996290506
episode: 1219, env_step_num = 116775, score = -399.60294962307427
episode: 1220, env_step_num = 116862, score = -118.4464300979156
episode: 1221, env_step_num = 116972, score = -116.43612522189177
episode: 1222, env_step_num = 117046, score = -66.93052458402595
episode: 1223, env_step_num = 117174, score = -322.4587195080659
episode: 1224, env_step_num = 117287, score = -65.8326065563429
episode: 1225, env_step_num = 117359, score = -69.47583213180721
episode: 1226, env_step_num = 117436, score = -137.0098359239373
episode: 1227, env_step_num = 117544, score = -69.80256615427733
episode: 1228, env_step_num = 117635, score = -120.80732609611763
episode: 1229, env_step_num = 117704, score = -60.67498141665576
episode: 1230, env_step_num = 117825, score = -133.5157489756906
episode: 1231, env_step_num = 117920, score = -163.8567749198475
episode: 1232, env_step_num = 118030, score = -289.6143724390188
episode: 1233, env_step_num = 118152, score = -141.27435275778072
episode: 1234, env_step_num = 118269, score = -106.40945361985767
episode: 1235, env_step_num = 118385, score = -34.86171707405826
episode: 1236, env_step_num = 118466, score = -65.93760760298295
episode: 1237, env_step_num = 118585, score = -373.40576220036843
episode: 1238, env_step_num = 118685, score = -153.60964502673892
episode: 1239, env_step_num = 118757, score = -62.69236530678455
episode: 1240, env_step_num = 118878, score = -106.82407994243574
episode: 1241, env_step_num = 118943, score = -160.5429457780898
episode: 1242, env_step_num = 119033, score = -131.93367435999008
episode: 1243, env_step_num = 119131, score = -353.25325510658047
episode: 1244, env_step_num = 119224, score = -437.75646197574497
episode: 1245, env_step_num = 119338, score = -209.5195291411286
episode: 1246, env_step_num = 119450, score = -303.69279910808467
episode: 1247, env_step_num = 119580, score = -380.6336749121125
episode: 1248, env_step_num = 119692, score = -147.06537371063408
episode: 1249, env_step_num = 119818, score = -48.52898047516102
episode: 1250, env_step_num = 119929, score = 22.116163672922013
episode: 1251, env_step_num = 120024, score = -264.4628927355926
episode: 1252, env_step_num = 120122, score = -172.6744439890188
episode: 1253, env_step_num = 120198, score = -86.4635559874869
episode: 1254, env_step_num = 120266, score = -179.30330235807506
episode: 1255, env_step_num = 120362, score = -295.9322046273535
episode: 1256, env_step_num = 120460, score = -207.54614539255283
episode: 1257, env_step_num = 120551, score = -60.61139155221993
episode: 1258, env_step_num = 120652, score = -99.71355134130974
episode: 1259, env_step_num = 120742, score = -124.00894213807527
episode: 1260, env_step_num = 120886, score = -111.18513879043763
episode: 1261, env_step_num = 120961, score = -82.48139556711865
episode: 1262, env_step_num = 121033, score = -155.38078132461152
episode: 1263, env_step_num = 121135, score = -99.60938218691788
episode: 1264, env_step_num = 121210, score = -197.20286087236778
episode: 1265, env_step_num = 121301, score = -7.639878591705781
episode: 1266, env_step_num = 121369, score = -223.93609021900602
episode: 1267, env_step_num = 121462, score = -252.37037227219005
episode: 1268, env_step_num = 121565, score = -83.98532496967701
episode: 1269, env_step_num = 121663, score = -122.21871363831674
episode: 1270, env_step_num = 121819, score = -69.63546889307088
episode: 1271, env_step_num = 121948, score = -100.45272142814997
episode: 1272, env_step_num = 122023, score = -81.98481166897288
episode: 1273, env_step_num = 122093, score = -71.03764323953784
episode: 1274, env_step_num = 122174, score = -75.7669534126455
episode: 1275, env_step_num = 122265, score = -107.05712017981907
episode: 1276, env_step_num = 122389, score = -196.2010065034576
episode: 1277, env_step_num = 122465, score = -106.9354576958734
episode: 1278, env_step_num = 122572, score = -64.27016060614625
episode: 1279, env_step_num = 122653, score = -128.85533143386414
episode: 1280, env_step_num = 122742, score = -88.90049202633114
episode: 1281, env_step_num = 122838, score = -71.66086643497523
episode: 1282, env_step_num = 122954, score = -164.6960591853117
episode: 1283, env_step_num = 123042, score = -236.02668752655248
episode: 1284, env_step_num = 123176, score = -163.50137334622175
episode: 1285, env_step_num = 123247, score = -3.86881952199208
episode: 1286, env_step_num = 123321, score = -57.82142300552191
episode: 1287, env_step_num = 123430, score = -94.88897191942786
episode: 1288, env_step_num = 123559, score = -102.56964876075234
episode: 1289, env_step_num = 123631, score = -39.81943573586224
episode: 1290, env_step_num = 123701, score = -65.16176974084556
episode: 1291, env_step_num = 123806, score = -218.29330624706313
episode: 1292, env_step_num = 123921, score = -261.3274635110618
episode: 1293, env_step_num = 124020, score = -94.85605601731665
episode: 1294, env_step_num = 124100, score = -112.9956689352154
episode: 1295, env_step_num = 124201, score = -124.03033047678781
episode: 1296, env_step_num = 124312, score = -105.48201770219629
episode: 1297, env_step_num = 124444, score = -90.73446454655945
episode: 1298, env_step_num = 124532, score = -346.1617168474651
episode: 1299, env_step_num = 124614, score = -202.24210789097336
episode: 1300, env_step_num = 124728, score = -120.44049091028197
episode: 1301, env_step_num = 124801, score = -251.3142623861524
episode: 1302, env_step_num = 124887, score = -268.64622190368516
episode: 1303, env_step_num = 124957, score = -137.7382767315329
episode: 1304, env_step_num = 125061, score = -97.78871942987847
episode: 1305, env_step_num = 125162, score = -220.77182668084032
episode: 1306, env_step_num = 125336, score = -210.0615813923976
episode: 1307, env_step_num = 125433, score = -85.80801762881458
episode: 1308, env_step_num = 125525, score = -30.91784135916913
episode: 1309, env_step_num = 125635, score = -92.47452352519156
episode: 1310, env_step_num = 125750, score = -124.23130275559643
episode: 1311, env_step_num = 125822, score = -186.96011445068103
episode: 1312, env_step_num = 125922, score = -165.66696537053576
episode: 1313, env_step_num = 126024, score = -76.15399611286018
